============================= test session starts =============================
platform win32 -- Python 3.11.5, pytest-9.0.2, pluggy-1.6.0 -- C:\Users\173330\anaconda3\python.exe
cachedir: .pytest_cache
rootdir: C:\Users\173330\OneDrive\Documents\Codeses\Geo-API
configfile: pyproject.toml
plugins: anyio-3.7.1, asyncio-1.3.0, cov-7.1.0, mock-3.15.1, zarr-3.1.5
asyncio: mode=Mode.STRICT, debug=False, asyncio_default_fixture_loop_scope=None, asyncio_default_test_loop_scope=function
collecting ... collected 80 items

tests/test_analysis.py::TestSpatialClip::test_clip_reduces_features PASSED [  1%]
tests/test_analysis.py::TestSpatialClip::test_clip_with_geoseries PASSED [  2%]
tests/test_analysis.py::TestSpatialBuffer::test_buffer_expands_geometry PASSED [  3%]
tests/test_analysis.py::TestSpatialBuffer::test_buffer_preserves_crs PASSED [  5%]
tests/test_analysis.py::TestSpatialBuffer::test_buffer_zero_km PASSED    [  6%]
tests/test_analysis.py::TestSpatialDissolve::test_dissolve_reduces_rows PASSED [  7%]
tests/test_analysis.py::TestSpatialDissolve::test_dissolve_preserves_geometry_type PASSED [  8%]
tests/test_analysis.py::TestWithinDistance::test_filters_correctly PASSED [ 10%]
tests/test_analysis.py::TestWithinDistance::test_distance_column_sorted PASSED [ 11%]
tests/test_analysis.py::TestBboxToPolygon::test_returns_geodataframe PASSED [ 12%]
tests/test_analysis.py::TestNearestFacility::test_returns_nearest PASSED [ 13%]
tests/test_analysis.py::TestNearestFacility::test_distance_non_negative PASSED [ 15%]
tests/test_analysis.py::TestPointInPolygon::test_join_assigns_polygon_attrs PASSED [ 16%]
tests/test_analysis.py::TestZonalStats::test_invalid_stat_raises PASSED  [ 17%]
tests/test_boundaries.py::TestResolveISO3::test_full_name PASSED         [ 18%]
tests/test_boundaries.py::TestResolveISO3::test_iso2 PASSED              [ 20%]
tests/test_boundaries.py::TestResolveISO3::test_iso3_passthrough PASSED  [ 21%]
tests/test_boundaries.py::TestResolveISO3::test_unknown_raises PASSED    [ 22%]
tests/test_boundaries.py::TestListCountries::test_returns_dataframe PASSED [ 23%]
tests/test_boundaries.py::TestListCountries::test_africa_filter PASSED   [ 25%]
tests/test_boundaries.py::TestListCountries::test_no_duplicate_iso2 PASSED [ 26%]
tests/test_boundaries.py::TestGetBBox::test_returns_four_floats PASSED   [ 27%]
tests/test_climate.py::test_get_rainfall FAILED                          [ 28%]
tests/test_climate.py::test_monthly_series PASSED                        [ 30%]
tests/test_climate.py::test_rainfall_anomaly PASSED                      [ 31%]
tests/test_core.py::TestGeoAfricaConfig::test_default_cache_dir PASSED   [ 32%]
tests/test_core.py::TestGeoAfricaConfig::test_custom_cache_dir PASSED    [ 33%]
tests/test_core.py::TestGeoAfricaConfig::test_default_timeout PASSED     [ 35%]
tests/test_core.py::TestGeoAfricaConfig::test_set_and_get_api_key PASSED [ 36%]
tests/test_core.py::TestGeoAfricaConfig::test_env_var_override PASSED    [ 37%]
tests/test_core.py::TestGeoAfricaConfig::test_require_api_key_raises_when_missing PASSED [ 38%]
tests/test_core.py::TestGeoAfricaConfig::test_info_returns_dict PASSED   [ 40%]
tests/test_core.py::TestGeoAfricaConfig::test_configure_singleton PASSED [ 41%]
tests/test_core.py::TestExceptions::test_data_not_found PASSED           [ 42%]
tests/test_core.py::TestExceptions::test_api_key_missing PASSED          [ 43%]
tests/test_core.py::TestExceptions::test_rate_limit_error PASSED         [ 45%]
tests/test_core.py::TestExceptions::test_invalid_bbox PASSED             [ 46%]
tests/test_core.py::TestExceptions::test_unsupported_format PASSED       [ 47%]
tests/test_core.py::TestExceptions::test_exception_hierarchy PASSED      [ 48%]
tests/test_elevation.py::test_list_sources PASSED                        [ 50%]
tests/test_elevation.py::test_get_dem_calls_opentopo FAILED              [ 51%]
tests/test_elevation.py::test_terrain_profile PASSED                     [ 52%]
tests/test_elevation.py::test_compute_slope_aspect PASSED                [ 53%]
tests/test_fire.py::TestParseFirmsCSV::test_valid_csv PASSED             [ 55%]
tests/test_fire.py::TestParseFirmsCSV::test_empty_response PASSED        [ 56%]
tests/test_fire.py::TestParseFirmsCSV::test_error_response PASSED        [ 57%]
tests/test_fire.py::TestParseFirmsCSV::test_columns_preserved PASSED     [ 58%]
tests/test_fire.py::TestParseFirmsCSV::test_coordinate_values PASSED     [ 60%]
tests/test_fire.py::TestFireSummary::test_summary_by_date PASSED         [ 61%]
tests/test_fire.py::TestFireSummary::test_empty_summary PASSED           [ 62%]
tests/test_fire.py::TestGetFirmsKey::test_missing_key_raises PASSED      [ 63%]
tests/test_fire.py::TestGetFirmsKey::test_key_from_env PASSED            [ 65%]
tests/test_health.py::test_get_facilities PASSED                         [ 66%]
tests/test_health.py::test_nearest_to PASSED                             [ 67%]
tests/test_health.py::test_count_by_admin PASSED                         [ 68%]
tests/test_humanitarian.py::test_search PASSED                           [ 70%]
tests/test_humanitarian.py::test_get_dataset FAILED                      [ 71%]
tests/test_humanitarian.py::test_download_dataset PASSED                 [ 72%]
tests/test_io.py::test_write_and_read_vector PASSED                      [ 73%]
tests/test_io.py::test_write_and_read_csv PASSED                         [ 75%]
tests/test_osm.py::TestParseOverpassResponse::test_nodes_to_points PASSED [ 76%]
tests/test_osm.py::TestParseOverpassResponse::test_empty_response PASSED [ 77%]
tests/test_osm.py::TestParseOverpassResponse::test_tags_preserved PASSED [ 78%]
tests/test_osm.py::TestBuildOverpassQuery::test_single_tag PASSED        [ 80%]
tests/test_osm.py::TestBuildOverpassQuery::test_list_values PASSED       [ 81%]
tests/test_osm.py::TestGeocodeTobbox::test_valid_location PASSED         [ 82%]
tests/test_osm.py::TestGeocodeTobbox::test_not_found_raises PASSED       [ 83%]
tests/test_osm.py::TestGetFeaturesbbox::test_returns_geodataframe PASSED [ 85%]
tests/test_osm.py::TestGetFeaturesbbox::test_invalid_bbox_raises PASSED  [ 86%]
tests/test_population.py::test_available_years PASSED                    [ 87%]
tests/test_population.py::test_get_grid PASSED                           [ 88%]
tests/test_population.py::test_get_stats PASSED                          [ 90%]
tests/test_roads.py::test_get_network PASSED                             [ 91%]
tests/test_roads.py::test_road_stats PASSED                              [ 92%]
tests/test_satellite.py::test_search PASSED                              [ 93%]
tests/test_satellite.py::test_deafrica_products PASSED                   [ 95%]
tests/test_viz.py::test_quick_map_points PASSED                          [ 96%]
tests/test_viz.py::test_quick_map_polygons PASSED                        [ 97%]
tests/test_viz.py::test_choropleth PASSED                                [ 98%]
tests/test_viz.py::test_add_layer PASSED                                 [100%]

================================== FAILURES ===================================
______________________________ test_get_rainfall ______________________________
tests\test_climate.py:21: in test_get_rainfall
    da = get_rainfall("NGA", year=2023, month=7)
         ^^^^^^^^^^^^^^^^^^^^^^^^^^^^^^^^^^^^^^^
src\geoafrica\datasets\climate.py:93: in get_rainfall
    return _chirps_for_country(country, year, month)
           ^^^^^^^^^^^^^^^^^^^^^^^^^^^^^^^^^^^^^^^^^
src\geoafrica\datasets\climate.py:237: in _chirps_for_country
    path = _download_chirps(year, month, global_coverage=False)
           ^^^^^^^^^^^^^^^^^^^^^^^^^^^^^^^^^^^^^^^^^^^^^^^^^^^^
src\geoafrica\datasets\climate.py:300: in _download_chirps
    gz_path.rename(cache_path)
..\..\..\..\anaconda3\Lib\pathlib.py:1175: in rename
    os.rename(self, target)
E   FileNotFoundError: [WinError 2] The system cannot find the file specified: 'C:\\Users\\173330\\.geoafrica\\cache\\climate\\chirps_2023_month07.tif.gz' -> 'C:\\Users\\173330\\.geoafrica\\cache\\climate\\chirps_2023_month07.tif'
---------------------------- Captured stderr call -----------------------------
ERROR 1: PROJ: proj_create_from_database: C:\Program Files\PostgreSQL\15\share\contrib\postgis-3.3\proj\proj.db contains DATABASE.LAYOUT.VERSION.MINOR = 0 whereas a number >= 5 is expected. It comes from another PROJ installation.
_________________________ test_get_dem_calls_opentopo _________________________
..\..\..\..\anaconda3\Lib\unittest\mock.py:1372: in patched
    with self.decoration_helper(patched,
..\..\..\..\anaconda3\Lib\contextlib.py:137: in __enter__
    return next(self.gen)
           ^^^^^^^^^^^^^^
..\..\..\..\anaconda3\Lib\unittest\mock.py:1354: in decoration_helper
    arg = exit_stack.enter_context(patching)
          ^^^^^^^^^^^^^^^^^^^^^^^^^^^^^^^^^^
..\..\..\..\anaconda3\Lib\contextlib.py:505: in enter_context
    result = _enter(cm)
             ^^^^^^^^^^
..\..\..\..\anaconda3\Lib\unittest\mock.py:1443: in __enter__
    original, local = self.get_original()
                      ^^^^^^^^^^^^^^^^^^^
..\..\..\..\anaconda3\Lib\unittest\mock.py:1416: in get_original
    raise AttributeError(
E   AttributeError: <module 'geoafrica.datasets.elevation' from 'C:\\Users\\173330\\OneDrive\\Documents\\Codeses\\Geo-API\\src\\geoafrica\\datasets\\elevation.py'> does not have the attribute 'get_bbox'
______________________________ test_get_dataset _______________________________
tests\test_humanitarian.py:38: in test_get_dataset
    assert isinstance(df, pd.DataFrame)
                          ^^
E   NameError: name 'pd' is not defined
============================== warnings summary ===============================
..\..\..\..\anaconda3\Lib\site-packages\pandas\core\arrays\masked.py:60
  C:\Users\173330\anaconda3\Lib\site-packages\pandas\core\arrays\masked.py:60: UserWarning: Pandas requires version '1.3.6' or newer of 'bottleneck' (version '1.3.5' currently installed).
    from pandas.core import (

tests/test_analysis.py::TestSpatialBuffer::test_buffer_expands_geometry
  C:\Users\173330\OneDrive\Documents\Codeses\Geo-API\tests\test_analysis.py:70: UserWarning: Geometry is in a geographic CRS. Results from 'area' are likely incorrect. Use 'GeoSeries.to_crs()' to re-project geometries to a projected CRS before this operation.
  
    assert all(buffered.geometry.area > 0)

tests/test_analysis.py::TestWithinDistance::test_filters_correctly
tests/test_analysis.py::TestWithinDistance::test_filters_correctly
tests/test_analysis.py::TestWithinDistance::test_distance_column_sorted
tests/test_analysis.py::TestWithinDistance::test_distance_column_sorted
tests/test_health.py::test_nearest_to
tests/test_health.py::test_nearest_to
tests/test_health.py::test_nearest_to
tests/test_health.py::test_nearest_to
  C:\Users\173330\anaconda3\Lib\site-packages\pyproj\transformer.py:820: DeprecationWarning: Conversion of an array with ndim > 0 to a scalar is deprecated, and will error in future. Ensure you extract a single element from your array before performing this operation. (Deprecated NumPy 1.25.)
    return self._transformer._transform_point(

-- Docs: https://docs.pytest.org/en/stable/how-to/capture-warnings.html
=========================== short test summary info ===========================
FAILED tests/test_climate.py::test_get_rainfall - FileNotFoundError: [WinErro...
FAILED tests/test_elevation.py::test_get_dem_calls_opentopo - AttributeError:...
FAILED tests/test_humanitarian.py::test_get_dataset - NameError: name 'pd' is...
================== 3 failed, 77 passed, 10 warnings in 4.67s ==================
