============================= test session starts =============================
platform win32 -- Python 3.11.5, pytest-9.0.2, pluggy-1.6.0 -- C:\Users\173330\anaconda3\python.exe
cachedir: .pytest_cache
rootdir: C:\Users\173330\OneDrive\Documents\Codeses\Geo-API
configfile: pyproject.toml
plugins: anyio-3.7.1, asyncio-1.3.0, cov-7.1.0, mock-3.15.1, zarr-3.1.5
asyncio: mode=Mode.STRICT, debug=False, asyncio_default_fixture_loop_scope=None, asyncio_default_test_loop_scope=function
collecting ... collected 80 items

tests/test_analysis.py::TestSpatialClip::test_clip_reduces_features PASSED [  1%]
tests/test_analysis.py::TestSpatialClip::test_clip_with_geoseries PASSED [  2%]
tests/test_analysis.py::TestSpatialBuffer::test_buffer_expands_geometry PASSED [  3%]
tests/test_analysis.py::TestSpatialBuffer::test_buffer_preserves_crs PASSED [  5%]
tests/test_analysis.py::TestSpatialBuffer::test_buffer_zero_km PASSED    [  6%]
tests/test_analysis.py::TestSpatialDissolve::test_dissolve_reduces_rows PASSED [  7%]
tests/test_analysis.py::TestSpatialDissolve::test_dissolve_preserves_geometry_type PASSED [  8%]
tests/test_analysis.py::TestWithinDistance::test_filters_correctly PASSED [ 10%]
tests/test_analysis.py::TestWithinDistance::test_distance_column_sorted PASSED [ 11%]
tests/test_analysis.py::TestBboxToPolygon::test_returns_geodataframe PASSED [ 12%]
tests/test_analysis.py::TestNearestFacility::test_returns_nearest PASSED [ 13%]
tests/test_analysis.py::TestNearestFacility::test_distance_non_negative PASSED [ 15%]
tests/test_analysis.py::TestPointInPolygon::test_join_assigns_polygon_attrs PASSED [ 16%]
tests/test_analysis.py::TestZonalStats::test_invalid_stat_raises PASSED  [ 17%]
tests/test_boundaries.py::TestResolveISO3::test_full_name PASSED         [ 18%]
tests/test_boundaries.py::TestResolveISO3::test_iso2 PASSED              [ 20%]
tests/test_boundaries.py::TestResolveISO3::test_iso3_passthrough PASSED  [ 21%]
tests/test_boundaries.py::TestResolveISO3::test_unknown_raises PASSED    [ 22%]
tests/test_boundaries.py::TestListCountries::test_returns_dataframe PASSED [ 23%]
tests/test_boundaries.py::TestListCountries::test_africa_filter PASSED   [ 25%]
tests/test_boundaries.py::TestListCountries::test_no_duplicate_iso2 PASSED [ 26%]
tests/test_boundaries.py::TestGetBBox::test_returns_four_floats PASSED   [ 27%]
tests/test_climate.py::test_get_rainfall FAILED                          [ 28%]
tests/test_climate.py::test_monthly_series PASSED                        [ 30%]
tests/test_climate.py::test_rainfall_anomaly PASSED                      [ 31%]
tests/test_core.py::TestGeoAfricaConfig::test_default_cache_dir PASSED   [ 32%]
tests/test_core.py::TestGeoAfricaConfig::test_custom_cache_dir PASSED    [ 33%]
tests/test_core.py::TestGeoAfricaConfig::test_default_timeout PASSED     [ 35%]
tests/test_core.py::TestGeoAfricaConfig::test_set_and_get_api_key PASSED [ 36%]
tests/test_core.py::TestGeoAfricaConfig::test_env_var_override PASSED    [ 37%]
tests/test_core.py::TestGeoAfricaConfig::test_require_api_key_raises_when_missing PASSED [ 38%]
tests/test_core.py::TestGeoAfricaConfig::test_info_returns_dict PASSED   [ 40%]
tests/test_core.py::TestGeoAfricaConfig::test_configure_singleton PASSED [ 41%]
tests/test_core.py::TestExceptions::test_data_not_found PASSED           [ 42%]
tests/test_core.py::TestExceptions::test_api_key_missing PASSED          [ 43%]
tests/test_core.py::TestExceptions::test_rate_limit_error PASSED         [ 45%]
tests/test_core.py::TestExceptions::test_invalid_bbox PASSED             [ 46%]
tests/test_core.py::TestExceptions::test_unsupported_format PASSED       [ 47%]
tests/test_core.py::TestExceptions::test_exception_hierarchy PASSED      [ 48%]
tests/test_elevation.py::test_list_sources PASSED                        [ 50%]
tests/test_elevation.py::test_get_dem_calls_opentopo FAILED              [ 51%]
tests/test_elevation.py::test_terrain_profile PASSED                     [ 52%]
tests/test_elevation.py::test_compute_slope_aspect PASSED                [ 53%]
tests/test_fire.py::TestParseFirmsCSV::test_valid_csv PASSED             [ 55%]
tests/test_fire.py::TestParseFirmsCSV::test_empty_response PASSED        [ 56%]
tests/test_fire.py::TestParseFirmsCSV::test_error_response PASSED        [ 57%]
tests/test_fire.py::TestParseFirmsCSV::test_columns_preserved PASSED     [ 58%]
tests/test_fire.py::TestParseFirmsCSV::test_coordinate_values PASSED     [ 60%]
tests/test_fire.py::TestFireSummary::test_summary_by_date PASSED         [ 61%]
tests/test_fire.py::TestFireSummary::test_empty_summary PASSED           [ 62%]
tests/test_fire.py::TestGetFirmsKey::test_missing_key_raises PASSED      [ 63%]
tests/test_fire.py::TestGetFirmsKey::test_key_from_env PASSED            [ 65%]
tests/test_health.py::test_get_facilities FAILED                         [ 66%]
tests/test_health.py::test_nearest_to FAILED                             [ 67%]
tests/test_health.py::test_count_by_admin PASSED                         [ 68%]
tests/test_humanitarian.py::test_search PASSED                           [ 70%]
tests/test_humanitarian.py::test_get_dataset FAILED                      [ 71%]
tests/test_humanitarian.py::test_download_dataset PASSED                 [ 72%]
tests/test_io.py::test_write_and_read_vector PASSED                      [ 73%]
tests/test_io.py::test_write_and_read_csv PASSED                         [ 75%]
tests/test_osm.py::TestParseOverpassResponse::test_nodes_to_points PASSED [ 76%]
tests/test_osm.py::TestParseOverpassResponse::test_empty_response PASSED [ 77%]
tests/test_osm.py::TestParseOverpassResponse::test_tags_preserved PASSED [ 78%]
tests/test_osm.py::TestBuildOverpassQuery::test_single_tag PASSED        [ 80%]
tests/test_osm.py::TestBuildOverpassQuery::test_list_values PASSED       [ 81%]
tests/test_osm.py::TestGeocodeTobbox::test_valid_location PASSED         [ 82%]
tests/test_osm.py::TestGeocodeTobbox::test_not_found_raises PASSED       [ 83%]
tests/test_osm.py::TestGetFeaturesbbox::test_returns_geodataframe PASSED [ 85%]
tests/test_osm.py::TestGetFeaturesbbox::test_invalid_bbox_raises PASSED  [ 86%]
tests/test_population.py::test_available_years PASSED                    [ 87%]
tests/test_population.py::test_get_grid PASSED                           [ 88%]
tests/test_population.py::test_get_stats FAILED                          [ 90%]
tests/test_roads.py::test_get_network PASSED                             [ 91%]
tests/test_roads.py::test_road_stats PASSED                              [ 92%]
tests/test_satellite.py::test_search FAILED                              [ 93%]
tests/test_satellite.py::test_deafrica_products PASSED                   [ 95%]
tests/test_viz.py::test_quick_map_points PASSED                          [ 96%]
tests/test_viz.py::test_quick_map_polygons PASSED                        [ 97%]
tests/test_viz.py::test_choropleth PASSED                                [ 98%]
tests/test_viz.py::test_add_layer PASSED                                 [100%]

================================== FAILURES ===================================
______________________________ test_get_rainfall ______________________________
tests\test_climate.py:17: in test_get_rainfall
    fake_da = fake_da.rio.write_crs("EPSG:4326")
              ^^^^^^^^^^^
..\..\..\..\anaconda3\Lib\site-packages\xarray\core\common.py:306: in __getattr__
    raise AttributeError(
E   AttributeError: 'DataArray' object has no attribute 'rio'
_________________________ test_get_dem_calls_opentopo _________________________
urllib3.exceptions.ProtocolError: ('Connection aborted.', ConnectionResetError(10054, 'An existing connection was forcibly closed by the remote host', None, 10054, None))

The above exception was the direct cause of the following exception:
..\..\..\..\anaconda3\Lib\site-packages\requests\adapters.py:486: in send
    resp = conn.urlopen(
..\..\..\..\anaconda3\Lib\site-packages\urllib3\connectionpool.py:871: in urlopen
    return self.urlopen(
..\..\..\..\anaconda3\Lib\site-packages\urllib3\connectionpool.py:871: in urlopen
    return self.urlopen(
..\..\..\..\anaconda3\Lib\site-packages\urllib3\connectionpool.py:871: in urlopen
    return self.urlopen(
..\..\..\..\anaconda3\Lib\site-packages\urllib3\connectionpool.py:871: in urlopen
    return self.urlopen(
..\..\..\..\anaconda3\Lib\site-packages\urllib3\connectionpool.py:871: in urlopen
    return self.urlopen(
..\..\..\..\anaconda3\Lib\site-packages\urllib3\connectionpool.py:841: in urlopen
    retries = retries.increment(
..\..\..\..\anaconda3\Lib\site-packages\urllib3\util\retry.py:535: in increment
    raise MaxRetryError(_pool, url, reason) from reason  # type: ignore[arg-type]
    ^^^^^^^^^^^^^^^^^^^^^^^^^^^^^^^^^^^^^^^^^^^^^^^^^^^
E   urllib3.exceptions.MaxRetryError: HTTPSConnectionPool(host='gadm.org', port=443): Max retries exceeded with url: /json/gadm41_NGA_0.json (Caused by ProtocolError('Connection aborted.', ConnectionResetError(10054, 'An existing connection was forcibly closed by the remote host', None, 10054, None)))

During handling of the above exception, another exception occurred:
tests\test_elevation.py:34: in test_get_dem_calls_opentopo
    da = get_dem("Nigeria")
         ^^^^^^^^^^^^^^^^^^
src\geoafrica\datasets\elevation.py:100: in get_dem
    bbox = get_bbox(country)
           ^^^^^^^^^^^^^^^^^
src\geoafrica\datasets\boundaries.py:252: in get_bbox
    gdf = get_country(country)
          ^^^^^^^^^^^^^^^^^^^^
src\geoafrica\datasets\boundaries.py:147: in get_country
    return get_admin(country, level=0, source=source, crs=crs)
           ^^^^^^^^^^^^^^^^^^^^^^^^^^^^^^^^^^^^^^^^^^^^^^^^^^^
src\geoafrica\datasets\boundaries.py:186: in get_admin
    return _fetch_gadm(iso3, level, crs)
           ^^^^^^^^^^^^^^^^^^^^^^^^^^^^^
src\geoafrica\datasets\boundaries.py:272: in _fetch_gadm
    resp = s.get(url)
           ^^^^^^^^^^
src\geoafrica\core\session.py:139: in get
    resp = self._session.get(url, **kwargs)
           ^^^^^^^^^^^^^^^^^^^^^^^^^^^^^^^^
..\..\..\..\anaconda3\Lib\site-packages\requests_cache\session.py:133: in get
    return self.request('GET', url, params=params, **kwargs)
           ^^^^^^^^^^^^^^^^^^^^^^^^^^^^^^^^^^^^^^^^^^^^^^^^^
..\..\..\..\anaconda3\Lib\site-packages\requests_cache\session.py:189: in request
    return super().request(method, url, *args, headers=headers, **kwargs)  # type: ignore
           ^^^^^^^^^^^^^^^^^^^^^^^^^^^^^^^^^^^^^^^^^^^^^^^^^^^^^^^^^^^^^^
..\..\..\..\anaconda3\Lib\site-packages\requests\sessions.py:589: in request
    resp = self.send(prep, **send_kwargs)
           ^^^^^^^^^^^^^^^^^^^^^^^^^^^^^^
..\..\..\..\anaconda3\Lib\site-packages\requests_cache\session.py:255: in send
    response = self._send_and_cache(request, actions, cached_response, **kwargs)
               ^^^^^^^^^^^^^^^^^^^^^^^^^^^^^^^^^^^^^^^^^^^^^^^^^^^^^^^^^^^^^^^^^
..\..\..\..\anaconda3\Lib\site-packages\requests_cache\session.py:279: in _send_and_cache
    response = super().send(request, **kwargs)
               ^^^^^^^^^^^^^^^^^^^^^^^^^^^^^^^
..\..\..\..\anaconda3\Lib\site-packages\requests\sessions.py:703: in send
    r = adapter.send(request, **kwargs)
        ^^^^^^^^^^^^^^^^^^^^^^^^^^^^^^^
..\..\..\..\anaconda3\Lib\site-packages\requests\adapters.py:519: in send
    raise ConnectionError(e, request=request)
E   requests.exceptions.ConnectionError: HTTPSConnectionPool(host='gadm.org', port=443): Max retries exceeded with url: /json/gadm41_NGA_0.json (Caused by ProtocolError('Connection aborted.', ConnectionResetError(10054, 'An existing connection was forcibly closed by the remote host', None, 10054, None)))
------------------------------ Captured log call ------------------------------
WARNING  urllib3.connectionpool:connectionpool.py:868 Retrying (Retry(total=4, connect=None, read=None, redirect=None, status=None)) after connection broken by 'ConnectionResetError(10054, 'An existing connection was forcibly closed by the remote host', None, 10054, None)': /json/gadm41_NGA_0.json
WARNING  urllib3.connectionpool:connectionpool.py:868 Retrying (Retry(total=3, connect=None, read=None, redirect=None, status=None)) after connection broken by 'ConnectionResetError(10054, 'An existing connection was forcibly closed by the remote host', None, 10054, None)': /json/gadm41_NGA_0.json
WARNING  urllib3.connectionpool:connectionpool.py:868 Retrying (Retry(total=2, connect=None, read=None, redirect=None, status=None)) after connection broken by 'ConnectionResetError(10054, 'An existing connection was forcibly closed by the remote host', None, 10054, None)': /json/gadm41_NGA_0.json
WARNING  urllib3.connectionpool:connectionpool.py:868 Retrying (Retry(total=1, connect=None, read=None, redirect=None, status=None)) after connection broken by 'ConnectionResetError(10054, 'An existing connection was forcibly closed by the remote host', None, 10054, None)': /json/gadm41_NGA_0.json
WARNING  urllib3.connectionpool:connectionpool.py:868 Retrying (Retry(total=0, connect=None, read=None, redirect=None, status=None)) after connection broken by 'ConnectionResetError(10054, 'An existing connection was forcibly closed by the remote host', None, 10054, None)': /json/gadm41_NGA_0.json
_____________________________ test_get_facilities _____________________________
tests\test_health.py:33: in test_get_facilities
    assert len(gdf) == 1
E   assert 0 == 1
E    +  where 0 = len(Empty GeoDataFrame\nColumns: [geometry]\nIndex: [])
_______________________________ test_nearest_to _______________________________
tests\test_health.py:57: in test_nearest_to
    assert isinstance(result, list)
E   assert False
E    +  where False = isinstance(             name         geometry  distance_km\n0  Other Facility  POINT (3.4 6.5)      6.02793, list)
______________________________ test_get_dataset _______________________________
tests\test_humanitarian.py:37: in test_get_dataset
    meta, res = get_dataset("test-dataset")
    ^^^^^^^^^
E   ValueError: too many values to unpack (expected 2)
_______________________________ test_get_stats ________________________________
tests\test_population.py:58: in test_get_stats
    df = get_stats("Lagos", country="Nigeria", level=1)
         ^^^^^^^^^^^^^^^^^^^^^^^^^^^^^^^^^^^^^^^^^^^^^^
src\geoafrica\datasets\population.py:194: in get_stats
    "population": round(total_pop),
                  ^^^^^^^^^^^^^^^^
E   ValueError: cannot convert float NaN to integer
_________________________________ test_search _________________________________
tests\test_satellite.py:25: in test_search
    items = search(
src\geoafrica\datasets\satellite.py:122: in search
    bbox = get_bbox(country)
           ^^^^^^^^^^^^^^^^^
src\geoafrica\datasets\boundaries.py:252: in get_bbox
    gdf = get_country(country)
          ^^^^^^^^^^^^^^^^^^^^
src\geoafrica\datasets\boundaries.py:147: in get_country
    return get_admin(country, level=0, source=source, crs=crs)
           ^^^^^^^^^^^^^^^^^^^^^^^^^^^^^^^^^^^^^^^^^^^^^^^^^^^
src\geoafrica\datasets\boundaries.py:186: in get_admin
    return _fetch_gadm(iso3, level, crs)
           ^^^^^^^^^^^^^^^^^^^^^^^^^^^^^
src\geoafrica\datasets\boundaries.py:272: in _fetch_gadm
    resp = s.get(url)
           ^^^^^^^^^^
src\geoafrica\core\session.py:145: in get
    resp.raise_for_status()
..\..\..\..\anaconda3\Lib\site-packages\requests\models.py:1021: in raise_for_status
    raise HTTPError(http_error_msg, response=self)
E   requests.exceptions.HTTPError: 403 Client Error: Forbidden for url: https://gadm.org/json/gadm41_NGA_0.json
============================== warnings summary ===============================
..\..\..\..\anaconda3\Lib\site-packages\pandas\core\arrays\masked.py:60
  C:\Users\173330\anaconda3\Lib\site-packages\pandas\core\arrays\masked.py:60: UserWarning: Pandas requires version '1.3.6' or newer of 'bottleneck' (version '1.3.5' currently installed).
    from pandas.core import (

tests/test_analysis.py::TestSpatialBuffer::test_buffer_expands_geometry
  C:\Users\173330\OneDrive\Documents\Codeses\Geo-API\tests\test_analysis.py:70: UserWarning: Geometry is in a geographic CRS. Results from 'area' are likely incorrect. Use 'GeoSeries.to_crs()' to re-project geometries to a projected CRS before this operation.
  
    assert all(buffered.geometry.area > 0)

tests/test_analysis.py::TestWithinDistance::test_filters_correctly
tests/test_analysis.py::TestWithinDistance::test_filters_correctly
tests/test_analysis.py::TestWithinDistance::test_distance_column_sorted
tests/test_analysis.py::TestWithinDistance::test_distance_column_sorted
tests/test_health.py::test_nearest_to
tests/test_health.py::test_nearest_to
tests/test_health.py::test_nearest_to
tests/test_health.py::test_nearest_to
  C:\Users\173330\anaconda3\Lib\site-packages\pyproj\transformer.py:820: DeprecationWarning: Conversion of an array with ndim > 0 to a scalar is deprecated, and will error in future. Ensure you extract a single element from your array before performing this operation. (Deprecated NumPy 1.25.)
    return self._transformer._transform_point(

-- Docs: https://docs.pytest.org/en/stable/how-to/capture-warnings.html
=========================== short test summary info ===========================
FAILED tests/test_climate.py::test_get_rainfall - AttributeError: 'DataArray'...
FAILED tests/test_elevation.py::test_get_dem_calls_opentopo - requests.except...
FAILED tests/test_health.py::test_get_facilities - assert 0 == 1
FAILED tests/test_health.py::test_nearest_to - assert False
FAILED tests/test_humanitarian.py::test_get_dataset - ValueError: too many va...
FAILED tests/test_population.py::test_get_stats - ValueError: cannot convert ...
FAILED tests/test_satellite.py::test_search - requests.exceptions.HTTPError: ...
============ 7 failed, 73 passed, 10 warnings in 120.53s (0:02:00) ============
